0 info it worked if it ends with ok
1 verbose cli [ 'C:\\Program Files\\nodejs\\node.exe',
1 verbose cli   'C:\\Program Files\\nodejs\\node_modules\\npm\\bin\\npm-cli.js',
1 verbose cli   'publish' ]
2 info using npm@3.10.10
3 info using node@v6.9.4
4 verbose publish [ '.' ]
5 silly cache add args [ '.', null ]
6 verbose cache add spec .
7 silly cache add parsed spec Result {
7 silly cache add   raw: '.',
7 silly cache add   scope: null,
7 silly cache add   escapedName: null,
7 silly cache add   name: null,
7 silly cache add   rawSpec: '.',
7 silly cache add   spec: 'C:\\Users\\Michael\\Desktop\\M.O.O\\Programs\\custom-npm-modules\\typescript-mix',
7 silly cache add   type: 'directory' }
8 verbose addLocalDirectory C:\Users\Michael\AppData\Roaming\npm-cache\typescript-mix\1.1.0\package.tgz not in flight; packing
9 verbose correctMkdir C:\Users\Michael\AppData\Roaming\npm-cache correctMkdir not in flight; initializing
10 info lifecycle typescript-mix@1.1.0~prepublish: typescript-mix@1.1.0
11 silly lifecycle typescript-mix@1.1.0~prepublish: no script for prepublish, continuing
12 verbose tar pack [ 'C:\\Users\\Michael\\AppData\\Roaming\\npm-cache\\typescript-mix\\1.1.0\\package.tgz',
12 verbose tar pack   'C:\\Users\\Michael\\Desktop\\M.O.O\\Programs\\custom-npm-modules\\typescript-mix' ]
13 verbose tarball C:\Users\Michael\AppData\Roaming\npm-cache\typescript-mix\1.1.0\package.tgz
14 verbose folder C:\Users\Michael\Desktop\M.O.O\Programs\custom-npm-modules\typescript-mix
15 verbose addLocalTarball adding from inside cache C:\Users\Michael\AppData\Roaming\npm-cache\typescript-mix\1.1.0\package.tgz
16 verbose correctMkdir C:\Users\Michael\AppData\Roaming\npm-cache correctMkdir not in flight; initializing
17 silly cache afterAdd typescript-mix@1.1.0
18 verbose afterAdd C:\Users\Michael\AppData\Roaming\npm-cache\typescript-mix\1.1.0\package\package.json not in flight; writing
19 verbose correctMkdir C:\Users\Michael\AppData\Roaming\npm-cache correctMkdir not in flight; initializing
20 verbose afterAdd C:\Users\Michael\AppData\Roaming\npm-cache\typescript-mix\1.1.0\package\package.json written
21 silly publish { name: 'typescript-mix',
21 silly publish   version: '1.1.0',
21 silly publish   description: 'A tweaked implementation of TypeScript\'s default applyMixins(...) idea using ES7 decorators',
21 silly publish   main: 'dist/index.js',
21 silly publish   scripts: { test: 'echo "Error: no test specified" && exit 1' },
21 silly publish   keywords:
21 silly publish    [ 'traits in typescript',
21 silly publish      'use in typescript',
21 silly publish      'TypeScript Mixins',
21 silly publish      'Mixins',
21 silly publish      'applyMixins',
21 silly publish      'mix',
21 silly publish      'multiple inheritance in TypeScript' ],
21 silly publish   author: { name: 'michaelolof' },
21 silly publish   repository:
21 silly publish    { type: 'git',
21 silly publish      url: 'git+https://github.com/michaelolof/typescript-mix.git' },
21 silly publish   license: 'ISC',
21 silly publish   dependencies: {},
21 silly publish   devDependencies: {},
21 silly publish   readme: '# TypeScript Mix\r\n\r\nA tweaked implementation of TypeScript\'s default applyMixins(...) idea using ES7 decorators. \r\n\r\n## Dependencies\r\n   * TypeScript\r\n   * ES7 Decorators\r\n \r\n\r\n## Installation\r\n```\r\nnpm install --save typescript-mix\r\n```\r\n\r\n## Goals\r\n\r\n   * Ensure programming to an interface and not just only multiple implementations.\r\n\r\n   * Create simple mixins that implement that interface\r\n\r\n   * Provide an intuitive and readable way of using such mixins in a concrete class.\r\n\r\n\r\n## Why I wrote yet another Mixin Library.\r\n\r\nThe mixin pattern is somewhat a popular pattern amongst JavaScript/TypeScript devs as it gives the power of "mixin in" additional functionality to a class. The official way of using mixins as declared by Microsoft in TypeScript can be really verbose and downright unreadable.\r\n\r\n## Things you should keep in mind while using this Library.\r\n\r\n  * The mixin isn\'t/shouldn\'t really be a class. \r\n  * A mixin shouldn\'t be instantiated or used like a class.\r\n  * A mixin shouldn\'t be inheriting functionality from other classes.\r\n  \r\nI\'ve constantly seen mixins have being confused for multiple inheritance, while mixins and multiple inheritance can be similar in ability or results, how we use them and reason about them is different. A favourite pattern of mine is essentially using mixins as default implementations an interface\r\n\r\n\r\n## How to use\r\n\r\nProgram to an interface.\r\n\r\n```\r\ninterface Buyer {\r\n  price: number\r\n  buy(): void\r\n  negotiate(): void\r\n}\r\n```\r\n\r\nCreate a reusable implementation for that interface and that interface alone (Mixin)\r\n\r\n```\r\nconst Buyer: Buyer = {\r\n  price: 1000,\r\n  buy() {\r\n    console.log("buying items at #", this.price );\r\n  },\r\n  negotitate(price: number) {\r\n    console.log("currently negotiating...");\r\n    this.price = price;\r\n  },\r\n}\r\n```\r\n\r\nDefine a concrete class that uses the interface/mixin\r\n\r\n```\r\nimport use from "typescript-mix";\r\n\r\nclass Shopperholic {\r\n  @use( Buyer ) this\r\n}\r\n\r\nconst shopper = new Shopperholic();\r\nshopper.buy() // buying items at #1000\r\nshopper.negotiate(500) // currently negotiating...\r\nshopper.price // 500\r\n```\r\n\r\n### What about intellisense support?\r\nWe trick typescript by using the inbuilt interface inheritance and declaration merging ability.\r\n```\r\ninterface Shopperholic extends Buyer {}\r\n\r\nclass Shopperholic {\r\n  @use( Buyer ) this\r\n}\r\n```\r\n\r\n### Things to note about this library?\r\n* using the \'use\' decorator mutates the class prototype. This doesn\'t depend on inheritance (But if you use mixins correctly, you should be fine)\r\n\r\n* mixins don\'t override already declared methods of fields in the concrete class using them.\r\n\r\n* Mixins take precedence over a super class. i.e. they would override any field or method from a super class with the same name.\r\n\r\n* instance variables/fields/properties can be declared or even initialized in your mixins but the library will throw an error if any field is initialized as an object, null or class. This is because the initialization of mixin properties/fields should primarily be the responsibility of the concrete class using it. This easily prevents unwanted bugs.\r\n\r\n\r\n## Advantages\r\n   * Inheritance still works, (multiple inheritance still works).\r\n\r\n\r\n\r\n',
21 silly publish   readmeFilename: 'README.md',
21 silly publish   gitHead: '49e1f01cd0e96f0c7997f173c59cbc4a9ddc2764',
21 silly publish   bugs: { url: 'https://github.com/michaelolof/typescript-mix/issues' },
21 silly publish   homepage: 'https://github.com/michaelolof/typescript-mix#readme',
21 silly publish   _id: 'typescript-mix@1.1.0',
21 silly publish   _shasum: '496b936f80b0f59f21a65db8caf767d796c1472f',
21 silly publish   _from: '.' }
22 verbose getPublishConfig undefined
23 silly mapToRegistry name typescript-mix
24 silly mapToRegistry using default registry
25 silly mapToRegistry registry https://registry.npmjs.org/
26 silly mapToRegistry data Result {
26 silly mapToRegistry   raw: 'typescript-mix',
26 silly mapToRegistry   scope: null,
26 silly mapToRegistry   escapedName: 'typescript-mix',
26 silly mapToRegistry   name: 'typescript-mix',
26 silly mapToRegistry   rawSpec: '',
26 silly mapToRegistry   spec: 'latest',
26 silly mapToRegistry   type: 'tag' }
27 silly mapToRegistry uri https://registry.npmjs.org/typescript-mix
28 verbose publish registryBase https://registry.npmjs.org/
29 silly publish uploading C:\Users\Michael\AppData\Roaming\npm-cache\typescript-mix\1.1.0\package.tgz
30 verbose request uri https://registry.npmjs.org/typescript-mix
31 verbose request sending authorization for write operation
32 info attempt registry request try #1 at 10:58:21 AM
33 verbose request using bearer token for auth
34 verbose request id ca617376f56bcddb
35 http request PUT https://registry.npmjs.org/typescript-mix
36 http 403 https://registry.npmjs.org/typescript-mix
37 verbose headers { 'content-type': 'application/json',
37 verbose headers   'cache-control': 'max-age=300',
37 verbose headers   'content-length': '91',
37 verbose headers   'accept-ranges': 'bytes',
37 verbose headers   date: 'Sat, 04 Nov 2017 09:58:24 GMT',
37 verbose headers   via: '1.1 varnish',
37 verbose headers   connection: 'keep-alive',
37 verbose headers   'x-served-by': 'cache-lcy19243-LCY',
37 verbose headers   'x-cache': 'MISS',
37 verbose headers   'x-cache-hits': '0',
37 verbose headers   'x-timer': 'S1509789503.264697,VS0,VE836',
37 verbose headers   vary: 'Accept-Encoding, Accept' }
38 verbose request invalidating C:\Users\Michael\AppData\Roaming\npm-cache\registry.npmjs.org\typescript-mix on PUT
39 error publish Failed PUT 403
40 verbose stack Error: You cannot publish over the previously published version 1.1.0. : typescript-mix
40 verbose stack     at makeError (C:\Program Files\nodejs\node_modules\npm\node_modules\npm-registry-client\lib\request.js:302:12)
40 verbose stack     at CachingRegistryClient.<anonymous> (C:\Program Files\nodejs\node_modules\npm\node_modules\npm-registry-client\lib\request.js:290:14)
40 verbose stack     at Request._callback (C:\Program Files\nodejs\node_modules\npm\node_modules\npm-registry-client\lib\request.js:210:14)
40 verbose stack     at Request.self.callback (C:\Program Files\nodejs\node_modules\npm\node_modules\request\request.js:187:22)
40 verbose stack     at emitTwo (events.js:106:13)
40 verbose stack     at Request.emit (events.js:191:7)
40 verbose stack     at Request.<anonymous> (C:\Program Files\nodejs\node_modules\npm\node_modules\request\request.js:1048:10)
40 verbose stack     at emitOne (events.js:96:13)
40 verbose stack     at Request.emit (events.js:188:7)
40 verbose stack     at IncomingMessage.<anonymous> (C:\Program Files\nodejs\node_modules\npm\node_modules\request\request.js:969:12)
41 verbose statusCode 403
42 verbose pkgid typescript-mix
43 verbose cwd C:\Users\Michael\Desktop\M.O.O\Programs\custom-npm-modules\typescript-mix
44 error Windows_NT 10.0.15063
45 error argv "C:\\Program Files\\nodejs\\node.exe" "C:\\Program Files\\nodejs\\node_modules\\npm\\bin\\npm-cli.js" "publish"
46 error node v6.9.4
47 error npm  v3.10.10
48 error code E403
49 error You cannot publish over the previously published version 1.1.0. : typescript-mix
50 error If you need help, you may report this error at:
50 error     <https://github.com/npm/npm/issues>
51 verbose exit [ 1, true ]
